<?xml version="1.0" encoding="UTF-8"?>
<testsuite xmlns:xsi="http://www.w3.org/2001/XMLSchema-instance" xsi:noNamespaceSchemaLocation="https://maven.apache.org/surefire/maven-surefire-plugin/xsd/surefire-test-report.xsd" name="stage.CategoriesApp1ApplicationTests" time="4.994" tests="10" errors="8" skipped="0" failures="0">
  <properties>
[...]
</properties>
  <testcase name="deleteCategory" classname="stage.CategoriesApp1ApplicationTests" time="0.192">
    <error message="No class stage.models.Category entity with id 1 exists!" type="org.springframework.dao.EmptyResultDataAccessException">org.springframework.dao.EmptyResultDataAccessException: No class stage.models.Category entity with id 1 exists!
	at stage.CategoriesApp1ApplicationTests.deleteCategory(CategoriesApp1ApplicationTests.java:67)
</error>
    <system-out><![CDATA[23:23:06.871 [main] DEBUG org.springframework.test.context.BootstrapUtils - Instantiating CacheAwareContextLoaderDelegate from class [org.springframework.test.context.cache.DefaultCacheAwareContextLoaderDelegate]
23:23:06.882 [main] DEBUG org.springframework.test.context.BootstrapUtils - Instantiating BootstrapContext using constructor [public org.springframework.test.context.support.DefaultBootstrapContext(java.lang.Class,org.springframework.test.context.CacheAwareContextLoaderDelegate)]
23:23:06.913 [main] DEBUG org.springframework.test.context.BootstrapUtils - Instantiating TestContextBootstrapper for test class [stage.CategoriesApp1ApplicationTests] from class [org.springframework.boot.test.context.SpringBootTestContextBootstrapper]
23:23:06.925 [main] INFO org.springframework.boot.test.context.SpringBootTestContextBootstrapper - Neither @ContextConfiguration nor @ContextHierarchy found for test class [stage.CategoriesApp1ApplicationTests], using SpringBootContextLoader
23:23:06.928 [main] DEBUG org.springframework.test.context.support.AbstractContextLoader - Did not detect default resource location for test class [stage.CategoriesApp1ApplicationTests]: class path resource [stage/CategoriesApp1ApplicationTests-context.xml] does not exist
23:23:06.929 [main] DEBUG org.springframework.test.context.support.AbstractContextLoader - Did not detect default resource location for test class [stage.CategoriesApp1ApplicationTests]: class path resource [stage/CategoriesApp1ApplicationTestsContext.groovy] does not exist
23:23:06.929 [main] INFO org.springframework.test.context.support.AbstractContextLoader - Could not detect default resource locations for test class [stage.CategoriesApp1ApplicationTests]: no resource found for suffixes {-context.xml, Context.groovy}.
23:23:06.929 [main] INFO org.springframework.test.context.support.AnnotationConfigContextLoaderUtils - Could not detect default configuration classes for test class [stage.CategoriesApp1ApplicationTests]: CategoriesApp1ApplicationTests does not declare any static, non-private, non-final, nested classes annotated with @Configuration.
23:23:06.983 [main] DEBUG org.springframework.test.context.support.ActiveProfilesUtils - Could not find an 'annotation declaring class' for annotation type [org.springframework.test.context.ActiveProfiles] and class [stage.CategoriesApp1ApplicationTests]
23:23:07.043 [main] DEBUG org.springframework.context.annotation.ClassPathScanningCandidateComponentProvider - Identified candidate component class: file [C:\Users\ibtih\Documents\Projects sts\categoriesApp-1\target\classes\stage\CategoriesApp1Application.class]
23:23:07.044 [main] INFO org.springframework.boot.test.context.SpringBootTestContextBootstrapper - Found @SpringBootConfiguration stage.CategoriesApp1Application for test class stage.CategoriesApp1ApplicationTests
23:23:07.132 [main] DEBUG org.springframework.boot.test.context.SpringBootTestContextBootstrapper - @TestExecutionListeners is not present for class [stage.CategoriesApp1ApplicationTests]: using defaults.
23:23:07.132 [main] INFO org.springframework.boot.test.context.SpringBootTestContextBootstrapper - Loaded default TestExecutionListener class names from location [META-INF/spring.factories]: [org.springframework.boot.test.mock.mockito.MockitoTestExecutionListener, org.springframework.boot.test.mock.mockito.ResetMocksTestExecutionListener, org.springframework.boot.test.autoconfigure.restdocs.RestDocsTestExecutionListener, org.springframework.boot.test.autoconfigure.web.client.MockRestServiceServerResetTestExecutionListener, org.springframework.boot.test.autoconfigure.web.servlet.MockMvcPrintOnlyOnFailureTestExecutionListener, org.springframework.boot.test.autoconfigure.web.servlet.WebDriverTestExecutionListener, org.springframework.boot.test.autoconfigure.webservices.client.MockWebServiceServerTestExecutionListener, org.springframework.test.context.web.ServletTestExecutionListener, org.springframework.test.context.support.DirtiesContextBeforeModesTestExecutionListener, org.springframework.test.context.event.ApplicationEventsTestExecutionListener, org.springframework.test.context.support.DependencyInjectionTestExecutionListener, org.springframework.test.context.support.DirtiesContextTestExecutionListener, org.springframework.test.context.transaction.TransactionalTestExecutionListener, org.springframework.test.context.jdbc.SqlScriptsTestExecutionListener, org.springframework.test.context.event.EventPublishingTestExecutionListener]
23:23:07.151 [main] INFO org.springframework.boot.test.context.SpringBootTestContextBootstrapper - Using TestExecutionListeners: [org.springframework.test.context.web.ServletTestExecutionListener@435fb7b5, org.springframework.test.context.support.DirtiesContextBeforeModesTestExecutionListener@4e70a728, org.springframework.test.context.event.ApplicationEventsTestExecutionListener@b7838a9, org.springframework.boot.test.mock.mockito.MockitoTestExecutionListener@696f0212, org.springframework.boot.test.autoconfigure.SpringBootDependencyInjectionTestExecutionListener@5733f295, org.springframework.test.context.support.DirtiesContextTestExecutionListener@1c3146bc, org.springframework.test.context.transaction.TransactionalTestExecutionListener@56c698e3, org.springframework.test.context.jdbc.SqlScriptsTestExecutionListener@47a86fbb, org.springframework.test.context.event.EventPublishingTestExecutionListener@f478a81, org.springframework.boot.test.mock.mockito.ResetMocksTestExecutionListener@19553973, org.springframework.boot.test.autoconfigure.restdocs.RestDocsTestExecutionListener@7bb6ab3a, org.springframework.boot.test.autoconfigure.web.client.MockRestServiceServerResetTestExecutionListener@7fe7c640, org.springframework.boot.test.autoconfigure.web.servlet.MockMvcPrintOnlyOnFailureTestExecutionListener@4c4748bf, org.springframework.boot.test.autoconfigure.web.servlet.WebDriverTestExecutionListener@7ce97ee5, org.springframework.boot.test.autoconfigure.webservices.client.MockWebServiceServerTestExecutionListener@32c8e539]
23:23:07.155 [main] DEBUG org.springframework.test.context.support.AbstractDirtiesContextTestExecutionListener - Before test class: context [DefaultTestContext@43aaf813 testClass = CategoriesApp1ApplicationTests, testInstance = [null], testMethod = [null], testException = [null], mergedContextConfiguration = [WebMergedContextConfiguration@57ac5227 testClass = CategoriesApp1ApplicationTests, locations = '{}', classes = '{class stage.CategoriesApp1Application}', contextInitializerClasses = '[]', activeProfiles = '{}', propertySourceLocations = '{}', propertySourceProperties = '{org.springframework.boot.test.context.SpringBootTestContextBootstrapper=true}', contextCustomizers = set[org.springframework.boot.test.context.filter.ExcludeFilterContextCustomizer@7ba8c737, org.springframework.boot.test.json.DuplicateJsonObjectContextCustomizerFactory$DuplicateJsonObjectContextCustomizer@16c069df, org.springframework.boot.test.mock.mockito.MockitoContextCustomizer@0, org.springframework.boot.test.web.client.TestRestTemplateContextCustomizer@1df8b5b8, org.springframework.boot.test.autoconfigure.actuate.metrics.MetricsExportContextCustomizerFactory$DisableMetricExportContextCustomizer@2cb2fc20, org.springframework.boot.test.autoconfigure.properties.PropertyMappingContextCustomizer@0, org.springframework.boot.test.autoconfigure.web.servlet.WebDriverContextCustomizerFactory$Customizer@4c012563, org.springframework.boot.test.context.SpringBootTestArgs@1, org.springframework.boot.test.context.SpringBootTestWebEnvironment@41fbdac4], resourceBasePath = 'src/main/webapp', contextLoader = 'org.springframework.boot.test.context.SpringBootContextLoader', parent = [null]], attributes = map['org.springframework.test.context.web.ServletTestExecutionListener.activateListener' -> true]], class annotated with @DirtiesContext [false] with mode [null].
23:23:07.194 [main] DEBUG org.springframework.test.context.support.TestPropertySourceUtils - Adding inlined properties to environment: {spring.jmx.enabled=false, org.springframework.boot.test.context.SpringBootTestContextBootstrapper=true}

  .   ____          _            __ _ _
 /\\ / ___'_ __ _ _(_)_ __  __ _ \ \ \ \
( ( )\___ | '_ | '_| | '_ \/ _` | \ \ \ \
 \\/  ___)| |_)| | | | | || (_| |  ) ) ) )
  '  |____| .__|_| |_|_| |_\__, | / / / /
 =========|_|==============|___/=/_/_/_/
 :: Spring Boot ::                (v2.5.1)

2021-07-03 23:23:07.493  INFO 13788 --- [           main] stage.CategoriesApp1ApplicationTests     : Starting CategoriesApp1ApplicationTests using Java 11.0.7 on LAPTOP-DSUF9K08 with PID 13788 (started by ibtih in C:\Users\ibtih\Documents\Projects sts\categoriesApp-1)
2021-07-03 23:23:07.495  INFO 13788 --- [           main] stage.CategoriesApp1ApplicationTests     : No active profile set, falling back to default profiles: default
2021-07-03 23:23:08.125  INFO 13788 --- [           main] .s.d.r.c.RepositoryConfigurationDelegate : Bootstrapping Spring Data JPA repositories in DEFAULT mode.
2021-07-03 23:23:08.174  INFO 13788 --- [           main] .s.d.r.c.RepositoryConfigurationDelegate : Finished Spring Data repository scanning in 42 ms. Found 2 JPA repository interfaces.
2021-07-03 23:23:08.600  INFO 13788 --- [           main] com.zaxxer.hikari.HikariDataSource       : HikariPool-1 - Starting...
2021-07-03 23:23:08.788  INFO 13788 --- [           main] com.zaxxer.hikari.HikariDataSource       : HikariPool-1 - Start completed.
2021-07-03 23:23:08.940  INFO 13788 --- [           main] o.hibernate.jpa.internal.util.LogHelper  : HHH000204: Processing PersistenceUnitInfo [name: default]
2021-07-03 23:23:08.989  INFO 13788 --- [           main] org.hibernate.Version                    : HHH000412: Hibernate ORM core version 5.4.32.Final
2021-07-03 23:23:09.107  INFO 13788 --- [           main] o.hibernate.annotations.common.Version   : HCANN000001: Hibernate Commons Annotations {5.1.2.Final}
2021-07-03 23:23:09.412  INFO 13788 --- [           main] org.hibernate.dialect.Dialect            : HHH000400: Using dialect: org.hibernate.dialect.MySQL5InnoDBDialect
2021-07-03 23:23:10.048  INFO 13788 --- [           main] o.h.e.t.j.p.i.JtaPlatformInitiator       : HHH000490: Using JtaPlatform implementation: [org.hibernate.engine.transaction.jta.platform.internal.NoJtaPlatform]
2021-07-03 23:23:10.057  INFO 13788 --- [           main] j.LocalContainerEntityManagerFactoryBean : Initialized JPA EntityManagerFactory for persistence unit 'default'
2021-07-03 23:23:10.627  WARN 13788 --- [           main] JpaBaseConfiguration$JpaWebConfiguration : spring.jpa.open-in-view is enabled by default. Therefore, database queries may be performed during view rendering. Explicitly configure spring.jpa.open-in-view to disable this warning
2021-07-03 23:23:11.256  INFO 13788 --- [           main] stage.CategoriesApp1ApplicationTests     : Started CategoriesApp1ApplicationTests in 4.053 seconds (JVM running for 5.006)
]]></system-out>
  </testcase>
  <testcase name="updateProduct" classname="stage.CategoriesApp1ApplicationTests" time="0.007">
    <error message="No value present" type="java.util.NoSuchElementException">java.util.NoSuchElementException: No value present
	at stage.CategoriesApp1ApplicationTests.updateProduct(CategoriesApp1ApplicationTests.java:95)
</error>
  </testcase>
  <testcase name="updateCategorty" classname="stage.CategoriesApp1ApplicationTests" time="0.006">
    <error message="No value present" type="java.util.NoSuchElementException">java.util.NoSuchElementException: No value present
	at stage.CategoriesApp1ApplicationTests.updateCategorty(CategoriesApp1ApplicationTests.java:60)
</error>
  </testcase>
  <testcase name="allProducts" classname="stage.CategoriesApp1ApplicationTests" time="0.236"/>
  <testcase name="deleteProduct" classname="stage.CategoriesApp1ApplicationTests" time="0.006">
    <error message="No class stage.models.Product entity with id 1 exists!" type="org.springframework.dao.EmptyResultDataAccessException">org.springframework.dao.EmptyResultDataAccessException: No class stage.models.Product entity with id 1 exists!
	at stage.CategoriesApp1ApplicationTests.deleteProduct(CategoriesApp1ApplicationTests.java:102)
</error>
  </testcase>
  <testcase name="testCreateProduct" classname="stage.CategoriesApp1ApplicationTests" time="0.049">
    <error message="No value present" type="java.util.NoSuchElementException">java.util.NoSuchElementException: No value present
	at stage.CategoriesApp1ApplicationTests.testCreateProduct(CategoriesApp1ApplicationTests.java:78)
</error>
  </testcase>
  <testcase name="testCreateCategory" classname="stage.CategoriesApp1ApplicationTests" time="0.016">
    <error message="No value present" type="java.util.NoSuchElementException">java.util.NoSuchElementException: No value present
	at stage.CategoriesApp1ApplicationTests.testCreateCategory(CategoriesApp1ApplicationTests.java:44)
</error>
  </testcase>
  <testcase name="singleCategory" classname="stage.CategoriesApp1ApplicationTests" time="0.005">
    <error message="No value present" type="java.util.NoSuchElementException">java.util.NoSuchElementException: No value present
	at stage.CategoriesApp1ApplicationTests.singleCategory(CategoriesApp1ApplicationTests.java:53)
</error>
  </testcase>
  <testcase name="allCategories" classname="stage.CategoriesApp1ApplicationTests" time="0.007"/>
  <testcase name="singleProduct" classname="stage.CategoriesApp1ApplicationTests" time="0.005">
    <error message="No value present" type="java.util.NoSuchElementException">java.util.NoSuchElementException: No value present
	at stage.CategoriesApp1ApplicationTests.singleProduct(CategoriesApp1ApplicationTests.java:88)
</error>
  </testcase>
</testsuite>